0 info it worked if it ends with ok
1 verbose cli [ '/usr/local/bin/node', '/usr/local/bin/npm', 'publish' ]
2 info using npm@3.9.5
3 info using node@v6.2.2
4 verbose publish [ '.' ]
5 silly cache add args [ '.', null ]
6 verbose cache add spec .
7 silly cache add parsed spec Result {
7 silly cache add   raw: '.',
7 silly cache add   scope: null,
7 silly cache add   name: null,
7 silly cache add   rawSpec: '.',
7 silly cache add   spec: '/var/www/paul-blundell.development-servers.co.uk/public/vuejs/nzime-header',
7 silly cache add   type: 'directory' }
8 verbose addLocalDirectory /home/admin/.npm/fa-header/1.3.14/package.tgz not in flight; packing
9 verbose correctMkdir /home/admin/.npm correctMkdir not in flight; initializing
10 info lifecycle fa-header@1.3.14~prepublish: fa-header@1.3.14
11 silly lifecycle fa-header@1.3.14~prepublish: no script for prepublish, continuing
12 verbose tar pack [ '/home/admin/.npm/fa-header/1.3.14/package.tgz',
12 verbose tar pack   '/var/www/paul-blundell.development-servers.co.uk/public/vuejs/nzime-header' ]
13 verbose tarball /home/admin/.npm/fa-header/1.3.14/package.tgz
14 verbose folder /var/www/paul-blundell.development-servers.co.uk/public/vuejs/nzime-header
15 verbose addLocalTarball adding from inside cache /home/admin/.npm/fa-header/1.3.14/package.tgz
16 verbose correctMkdir /home/admin/.npm correctMkdir not in flight; initializing
17 silly cache afterAdd fa-header@1.3.14
18 verbose afterAdd /home/admin/.npm/fa-header/1.3.14/package/package.json not in flight; writing
19 verbose correctMkdir /home/admin/.npm correctMkdir not in flight; initializing
20 verbose afterAdd /home/admin/.npm/fa-header/1.3.14/package/package.json written
21 silly publish { dependencies:
21 silly publish    { 'babel-core': '^6.23.1',
21 silly publish      'babel-plugin-transform-runtime': '^6.23.0',
21 silly publish      'babel-preset-es2015': '^6.22.0',
21 silly publish      'babel-runtime': '^6.23.0',
21 silly publish      babelify: '^7.3.0',
21 silly publish      browserify: '^14.1.0',
21 silly publish      'browserify-shim': '^3.8.13',
21 silly publish      envify: '^4.0.0',
21 silly publish      gulp: '^3.9.1',
21 silly publish      'gulp-uglify': '^2.0.1',
21 silly publish      'node-sass': '^4.5.0',
21 silly publish      'v-media-query': '^1.0.3',
21 silly publish      'vinyl-buffer': '^1.0.0',
21 silly publish      'vinyl-source-stream': '^1.1.0',
21 silly publish      'vue-awesome': '^2.1.0',
21 silly publish      'vue-resource': '^1.3.1',
21 silly publish      vueify: '^9.4.0' },
21 silly publish   browserify: { transform: [ 'browserify-shim' ] },
21 silly publish   'browserify-shim': { vue: 'global:VUE' },
21 silly publish   name: 'fa-header',
21 silly publish   description: 'This component provides standard header layout and functionality.',
21 silly publish   version: '1.3.14',
21 silly publish   main: 'dist/app.js',
21 silly publish   scripts: { test: 'echo "Error: no test specified" && exit 1' },
21 silly publish   repository:
21 silly publish    { type: 'git',
21 silly publish      url: 'git+https://github.com/FutureActivities/Vuejs-Fa-Header.git' },
21 silly publish   author: { name: 'Future Activities' },
21 silly publish   license: 'ISC',
21 silly publish   bugs: { url: 'https://github.com/FutureActivities/vuejs-fa-header/issues' },
21 silly publish   homepage: 'https://github.com/FutureActivities/vuejs-fa-header#readme',
21 silly publish   readme: '# Vue.js Header Component\n\nThis component provides typical header layout and functionality for responsive websites.\nThe following components were designed to work inside the Header component but can work independently.\n\n## Demo\n\nhttps://jsfiddle.net/du7pzdgs/2/\n\n## Getting Started\n\nCDN:\n\n    https://unpkg.com/fa-header\n\nNPM:\n\n    import FaHeader from \'fa-header\'\n    Vue.use(FaHeader)\n    \nTo use specific components:\n\n    import FaHeader from \'fa-header/src/components/Header.vue\'\n    import FaNavigation from \'fa-header/src/components/Navigation.vue\'\n    import FaSearch from \'fa-header/src/components/Search.vue\'\n    \n    new Vue({\n        el: \'#header\',\n        components: {\n            FaHeader,\n            FaNavigation,\n            FaSearch\n        }\n    });\n\n## Components\n### Header\n\nThis provides a wrapper for everything in the header that will become sticky at the specified point.\n\n#### Example Usage\n\n    <fa-header :width="1200" :breakpoint="800" :sticky="-50">\n        <div class="logo">LOGO</div>\n        <fa-search :breakpoint="800">\n            <form method="post">\n                <input type="text" name="search" />\n            </form>\n        </fa-search>\n       <fa-navigation :breakpoint="800" burgersticky>\n           <ul>\n               <li><a href="#">Link</a></li>\n               <li><a href="#">Link</a></li>\n           </ul>\n       <fa-navigation>\n    </fa-header>\n\n#### Options\n\n| Prop       | Description                                                                                                     | Type   | Default |\n|------------|-----------------------------------------------------------------------------------------------------------------|--------|---------|\n| breakpoint | When does the class `header--desktop` get applied                                                               | Number | 1024    |\n| sticky     | The point of when the header becomes sticky / adds the class `header--sticky`.  To disable set the value to -1. | Number | -1      |\n\n#### Classes\n| Class | Description |\n|--|--|\n| header--desktop | Applied when screen resolution is greater or equal to the breakpoint prop value. |\n| header--sticky | Applied if the header element has reached the top of the screen inc offset set by the sticky prop. |\n\n## Navigation\nThis will display as normal on desktop but on mobile will move everything contained within it to a menu that scrolls in from the side.\n\n#### Example Usage\n\n    <fa-navigation :breakpoint="800" burgersticky>\n       <ul>\n           <li><a href="#">Link</a></li>\n           <li><a href="#">Link</a></li>\n       </ul>\n    <fa-navigation>\n\n#### Options\n\n| Prop | Description | Type | Default |\n|--|--|--|--|\n| breakpoint | When does the class `nav--desktop` get applied. | Number | 1024 |\n| burgersticky | Optionally show the burger menu when the `header--sticky` class is applied. | Boolean | false |\n\n#### Classes\n| Class | Description |\n|--|--|\n| nav--desktop | Applied when screen resolution is greater or equal to the breakpoint prop value. |\n| nav--burgersticky | Applied if the burgersticky prop value is set to true. |\n| nav--show | Applied when the burger menu is opened. |\n\n#### Slots\n\n| Name | Description |\n|--|--|\n| icon | Optionally set the icon content. By default a :before element will be applied with a FontAwesome icon, if using this slot you may want to hide that :before pseudo element with CSS. |\n\n## Search\nThis will display as normal on desktop but on mobile will be replaced by a search icon which when clicked will open the contents in an absolutely positioned container.\n\n#### Example usage\n    <fa-search :breakpoint="800">\n        <form method="post">\n            <input type="text" name="search" />\n        </form>\n    </fa-search>\n    \n#### Options\n\n| Prop | Description | Type | Default |\n|--|--|--|--|\n| breakpoint | When does the class `search--desktop` get applied. | Number | 1024 |\n| iconsticky | Optionally show the search icon when the `header--sticky` class is applied. | Boolean | false |\n\n#### Classes\n| Class | Description |\n|--|--|\n| search--desktop | Applied when screen resolution is greater or equal to the breakpoint prop value. |\n| search--iconsticky | Applied if the iconsticky prop value is set to true. |\n| search--show | Applied when the search icon is clicked. |\n\n#### Slots\n\n| Name | Description |\n|--|--|\n| icon | Optionally set the icon content. By default a :before element will be applied with a FontAwesome icon, if using this slot you may want to hide that :before pseudo element with CSS. |\n\n## MegaMenu\nGrabs data about the menu via JSON and builds a multi-level megamenu on desktop and on mobile creates a multi-page navigation view that loads the child links on each click (includes back buttons).\n\n#### Example Usage\n    <fa-megamenu feed="example.json"></fa-megamenu>\n    \nWhere the feed is JSON in the following format:\n\n    {\n       "category": {\n          "name":"Category",\n          "source": {\n              "1": [\n                {\n                  "id": 3,\n                  "name": "Child Link",\n                  "url": "#"\n                },\n                {\n                  "id": 4,\n                  "name": "Another Child Link",\n                  "url": "#"\n                }\n              ],\n              "4": [\n                {\n                  "id": 5,\n                  "name": "Next level child",\n                  "url": "#"\n                }\n              ]\n          },\n          "links":[\n             [\n                {\n                  "id":1,\n                  "name":"Parent",\n                  "url":"#"\n                },\n                {\n                  "id":2,\n                  "name":"Other",\n                  "url":"#",\n                  "img":"url",\n                  "prefix":"<strong>custom html</strong>",\n                  "suffix":"<strong>custom html</strong>"\n                }\n             ]\n          ],\n          "classes": ["custom-class"],\n          "pre": "<p>Custom HTML that will be displayed on the full Mega Menu before the links.</p>",\n          "custom": "<p>Custom HTML that will be displayed on the full Mega Menu after the links.</p>"\n       },\n       "standalone":{\n          "name":"Standalone Link",\n          "url":"#",\n          "bar": true,\n          "burger" true\n       },\n       "mylink": {\n           "name":"Another Link",\n           "override":"<strong>LINK</strong>"\n       }\n    }\n    \n`links` is the data that is initially displayed in the megamenu dropdown. This is an array where each item will create a new UL element in the mega menu.\n\n`source` is for the child menu data. This should be organised by the parent ID. When you hover or click on a menu item it will attempt to see if that item has any children by checking for the ID in source.\nEach item can also be hidden from the horizontal mega menu or the burger menu, so you can include links that are only visible on the burger menu, for example.\n\n`override` allows you to use your own HTML in the horizontal bar menu item.\n\n`custom` allows you to use your own HTML inside the horizontal bar mega menu.\n\nWhen displaying the menu you can also set how the menu should display, currently this component provides 2 options: `columns` and `multilevel` with multilevel being the default.\nThe columns view will display each link as a heading of a column and then render 1 level of children underneath it.\nThe multilevel view will list all the links in column 1 and then as you hover over a link the children are displayed in the next column.\n\n#### Options\n\n| Prop | Description | Type | Default |\n|--|--|--|--|\n| feed | The URL to the JSON feed. Use this or data. | String | null |\n| data | The menu data object. Use this or feed. | Object | null |\n| cache | Store the feed results in the browsers sessionStorage. Only applicable if using feed. | Boolean | false |\n| display | Display the menu as `columns` or `multilevel` | String | multilevel |\n| vue-router | Use `router-link` instead of `a` tags | Boolean | false |\n| hover-delay | Delay the opening of the menu on hover. Time in milliseconds. | Number | 0 |',
21 silly publish   readmeFilename: 'README.md',
21 silly publish   gitHead: '5adb4a2f8a25ff9915c44363bdcffa83cf4ab9ad',
21 silly publish   _id: 'fa-header@1.3.14',
21 silly publish   _shasum: '30ec8222f7edc0fe117b6d1235614f004955b4d9',
21 silly publish   _from: '.' }
22 verbose getPublishConfig undefined
23 silly mapToRegistry name fa-header
24 silly mapToRegistry using default registry
25 silly mapToRegistry registry https://registry.npmjs.org/
26 silly mapToRegistry data Result {
26 silly mapToRegistry   raw: 'fa-header',
26 silly mapToRegistry   scope: null,
26 silly mapToRegistry   name: 'fa-header',
26 silly mapToRegistry   rawSpec: '',
26 silly mapToRegistry   spec: 'latest',
26 silly mapToRegistry   type: 'tag' }
27 silly mapToRegistry uri https://registry.npmjs.org/fa-header
28 verbose publish registryBase https://registry.npmjs.org/
29 silly publish uploading /home/admin/.npm/fa-header/1.3.14/package.tgz
30 verbose request uri https://registry.npmjs.org/fa-header
31 verbose request sending authorization for write operation
32 info attempt registry request try #1 at 11:56:14 AM
33 verbose request using bearer token for auth
34 verbose request id 3e958be2b0b00d6e
35 http request PUT https://registry.npmjs.org/fa-header
36 http 403 https://registry.npmjs.org/fa-header
37 verbose headers { date: 'Thu, 28 Jun 2018 10:56:16 GMT',
37 verbose headers   'content-type': 'application/json',
37 verbose headers   'transfer-encoding': 'chunked',
37 verbose headers   connection: 'keep-alive',
37 verbose headers   'set-cookie': [ '__cfduid=d03363aa5df66c9e3290b1850a4cbcd661530183375; expires=Fri, 28-Jun-19 10:56:15 GMT; path=/; domain=.registry.npmjs.org; HttpOnly' ],
37 verbose headers   'cf-ray': '431fa02dfafb3476-LHR',
37 verbose headers   'expect-ct': 'max-age=604800, report-uri="https://report-uri.cloudflare.com/cdn-cgi/beacon/expect-ct"',
37 verbose headers   server: 'cloudflare',
37 verbose headers   'content-encoding': 'gzip' }
38 verbose request invalidating /home/admin/.npm/registry.npmjs.org/fa-header on PUT
39 error publish Failed PUT 403
40 verbose stack Error: You cannot publish over the previously published versions: 1.3.14. : fa-header
40 verbose stack     at makeError (/usr/local/lib/node_modules/npm/node_modules/npm-registry-client/lib/request.js:264:12)
40 verbose stack     at CachingRegistryClient.<anonymous> (/usr/local/lib/node_modules/npm/node_modules/npm-registry-client/lib/request.js:252:14)
40 verbose stack     at /usr/local/lib/node_modules/npm/node_modules/npm-registry-client/lib/request.js:178:7
40 verbose stack     at Gunzip.onEnd (zlib.js:227:5)
40 verbose stack     at emitNone (events.js:91:20)
40 verbose stack     at Gunzip.emit (events.js:185:7)
40 verbose stack     at endReadableNT (_stream_readable.js:934:12)
40 verbose stack     at _combinedTickCallback (internal/process/next_tick.js:74:11)
40 verbose stack     at process._tickCallback (internal/process/next_tick.js:98:9)
41 verbose statusCode 403
42 verbose pkgid fa-header
43 verbose cwd /var/www/paul-blundell.development-servers.co.uk/public/vuejs/nzime-header
44 error Linux 4.15.13-x86_64-linode106
45 error argv "/usr/local/bin/node" "/usr/local/bin/npm" "publish"
46 error node v6.2.2
47 error npm  v3.9.5
48 error code E403
49 error You cannot publish over the previously published versions: 1.3.14. : fa-header
50 error If you need help, you may report this error at:
50 error     <https://github.com/npm/npm/issues>
51 verbose exit [ 1, true ]
